2023-11-28 06:53:00,798 - logger - INFO - 数据集: data.slen_10.tlen_1.seq.patlen_1.lit.patlen_8.nitems_5000_spmf.txt
2023-11-28 06:53:00,798 - logger - INFO - 设最小支持度为 150

2023-11-28 07:03:01,225 - logger - INFO - 以 744854 为前缀, 支持度: 158, 后缀为:
2023-11-28 07:06:56,934 - logger - INFO - 以 3659561 为前缀, 支持度: 156, 后缀为:
2023-11-28 07:07:29,903 - logger - INFO - 以 3406625 为前缀, 支持度: 157, 后缀为:
2023-11-28 07:28:00,059 - logger - INFO - 以 4097405 为前缀, 支持度: 155, 后缀为:
2023-11-28 07:33:39,489 - logger - INFO - 以 2238402 为前缀, 支持度: 164, 后缀为:
2023-11-28 07:39:54,599 - logger - INFO - 以 4999999 为前缀, 支持度: 484, 后缀为:
2023-11-28 07:58:28,506 - logger - INFO - 第一轮挖掘结束, 耗时 3739.875
2023-11-28 07:58:28,506 - logger - INFO - 递归处理第 2 阶：
2023-11-28 07:58:28,514 - logger - INFO - 以 [['744854'], ['3406625']] 为前缀, 支持度: 155, 后缀为:
2023-11-28 07:58:28,515 - logger - INFO - 以 [['744854'], ['4097405']] 为前缀, 支持度: 154, 后缀为:
2023-11-28 07:58:28,515 - logger - INFO - 以 [['744854'], ['3659561']] 为前缀, 支持度: 154, 后缀为:
2023-11-28 07:58:28,515 - logger - INFO - 递归处理第 3 阶：
2023-11-28 07:58:28,519 - logger - INFO - 以 [['744854'], ['3406625', '3659561'], ['4097405']] 为前缀, 支持度: 151, 后缀为:
2023-11-28 07:58:28,520 - logger - INFO - 以 [['744854'], ['3406625', '3659561']] 为前缀, 支持度: 152, 后缀为:
2023-11-28 07:58:28,520 - logger - INFO - 递归处理第 4 阶：
2023-11-28 07:58:28,540 - logger - INFO - 以 [['3406625', '3659561'], ['4097405']] 为前缀, 支持度: 152, 后缀为:
2023-11-28 07:58:28,540 - logger - INFO - 以 [['3406625', '3659561']] 为前缀, 支持度: 154, 后缀为:
2023-11-28 07:58:28,540 - logger - INFO - 递归处理第 3 阶：
2023-11-28 07:58:28,555 - logger - INFO - 以 [['2238402'], ['4097405']] 为前缀, 支持度: 152, 后缀为:
2023-11-28 07:58:28,556 - logger - INFO - 以 [['2238402'], ['3659561']] 为前缀, 支持度: 152, 后缀为:
2023-11-28 07:58:28,556 - logger - INFO - 递归处理第 3 阶：
2023-11-28 07:58:28,894 - logger - INFO - 


挖掘结束, 耗时 3740.265625 s
共挖掘到 15 个频繁序列
